[30-Jan-2017 01:13:37 UTC] PHP Fatal error:  Class 'personMapper' not found in /home/ubuntu/workspace/apps/Person/controller/loginregisterPersonController.php on line 3
[30-Jan-2017 01:13:37 UTC] PHP Stack trace:
[30-Jan-2017 01:13:37 UTC] PHP   1. {main}() /home/ubuntu/workspace/apps/Person/controller/loginregisterPersonController.php:0
[30-Jan-2017 19:27:46 UTC] PHP Fatal error:  Class 'Utils' not found in /home/ubuntu/workspace/apps/Person/view/loginPersonAction.phtml on line 26
[30-Jan-2017 19:27:46 UTC] PHP Stack trace:
[30-Jan-2017 19:27:46 UTC] PHP   1. {main}() /home/ubuntu/workspace/apps/Person/view/loginPersonAction.phtml:0
[30-Jan-2017 19:30:18 UTC] PHP Fatal error:  Class 'Utils' not found in /home/ubuntu/workspace/apps/Person/view/loginPersonAction.phtml on line 26
[30-Jan-2017 19:30:18 UTC] PHP Stack trace:
[30-Jan-2017 19:30:18 UTC] PHP   1. {main}() /home/ubuntu/workspace/apps/Person/view/loginPersonAction.phtml:0
[30-Jan-2017 21:39:19 UTC] PHP Fatal error:  Class 'Utils' not found in /home/ubuntu/workspace/apps/Person/view/loginPersonAction.phtml on line 25
[30-Jan-2017 21:39:19 UTC] PHP Stack trace:
[30-Jan-2017 21:39:19 UTC] PHP   1. {main}() /home/ubuntu/workspace/apps/Person/view/loginPersonAction.phtml:0
[30-Jan-2017 21:39:25 UTC] PHP Fatal error:  Class 'Utils' not found in /home/ubuntu/workspace/apps/Person/view/loginPersonAction.phtml on line 25
[30-Jan-2017 21:39:25 UTC] PHP Stack trace:
[30-Jan-2017 21:39:25 UTC] PHP   1. {main}() /home/ubuntu/workspace/apps/Person/view/loginPersonAction.phtml:0
[30-Jan-2017 21:41:28 UTC] PHP Fatal error:  Class 'Utils' not found in /home/ubuntu/workspace/apps/Person/view/loginPersonAction.phtml on line 25
[30-Jan-2017 21:41:28 UTC] PHP Stack trace:
[30-Jan-2017 21:41:28 UTC] PHP   1. {main}() /home/ubuntu/workspace/apps/Person/view/loginPersonAction.phtml:0
[30-Jan-2017 21:41:31 UTC] PHP Fatal error:  Class 'Utils' not found in /home/ubuntu/workspace/apps/Person/view/loginPersonAction.phtml on line 25
[30-Jan-2017 21:41:31 UTC] PHP Stack trace:
[30-Jan-2017 21:41:31 UTC] PHP   1. {main}() /home/ubuntu/workspace/apps/Person/view/loginPersonAction.phtml:0
[30-Jan-2017 21:41:37 UTC] PHP Fatal error:  Class 'Utils' not found in /home/ubuntu/workspace/apps/Person/view/loginPersonAction.phtml on line 25
[30-Jan-2017 21:41:37 UTC] PHP Stack trace:
[30-Jan-2017 21:41:37 UTC] PHP   1. {main}() /home/ubuntu/workspace/apps/Person/view/loginPersonAction.phtml:0
[31-Jan-2017 19:31:20 UTC] PHP Fatal error:  Class 'Utils' not found in /home/ubuntu/workspace/apps/Person/view/registerPersonAction.phtml on line 24
[31-Jan-2017 19:31:20 UTC] PHP Stack trace:
[31-Jan-2017 19:31:20 UTC] PHP   1. {main}() /home/ubuntu/workspace/apps/Person/view/registerPersonAction.phtml:0
[31-Jan-2017 19:31:26 UTC] PHP Fatal error:  Class 'Utils' not found in /home/ubuntu/workspace/apps/Person/view/registerPersonAction.phtml on line 24
[31-Jan-2017 19:31:26 UTC] PHP Stack trace:
[31-Jan-2017 19:31:26 UTC] PHP   1. {main}() /home/ubuntu/workspace/apps/Person/view/registerPersonAction.phtml:0
[31-Jan-2017 19:32:03 UTC] PHP Fatal error:  Class 'Utils' not found in /home/ubuntu/workspace/apps/Person/view/loginPersonAction.phtml on line 25
[31-Jan-2017 19:32:03 UTC] PHP Stack trace:
[31-Jan-2017 19:32:03 UTC] PHP   1. {main}() /home/ubuntu/workspace/apps/Person/view/loginPersonAction.phtml:0
[31-Jan-2017 19:32:05 UTC] PHP Fatal error:  Class 'Utils' not found in /home/ubuntu/workspace/apps/Person/view/loginPersonAction.phtml on line 25
[31-Jan-2017 19:32:05 UTC] PHP Stack trace:
[31-Jan-2017 19:32:05 UTC] PHP   1. {main}() /home/ubuntu/workspace/apps/Person/view/loginPersonAction.phtml:0
[31-Jan-2017 19:32:10 UTC] PHP Fatal error:  Class 'Utils' not found in /home/ubuntu/workspace/apps/Person/view/loginPersonAction.phtml on line 25
[31-Jan-2017 19:32:10 UTC] PHP Stack trace:
[31-Jan-2017 19:32:10 UTC] PHP   1. {main}() /home/ubuntu/workspace/apps/Person/view/loginPersonAction.phtml:0
[31-Jan-2017 19:32:10 UTC] PHP Fatal error:  Class 'Utils' not found in /home/ubuntu/workspace/apps/Person/view/loginPersonAction.phtml on line 25
[31-Jan-2017 19:32:10 UTC] PHP Stack trace:
[31-Jan-2017 19:32:10 UTC] PHP   1. {main}() /home/ubuntu/workspace/apps/Person/view/loginPersonAction.phtml:0
[31-Jan-2017 19:32:11 UTC] PHP Fatal error:  Class 'Utils' not found in /home/ubuntu/workspace/apps/Person/view/loginPersonAction.phtml on line 25
[31-Jan-2017 19:32:11 UTC] PHP Stack trace:
[31-Jan-2017 19:32:11 UTC] PHP   1. {main}() /home/ubuntu/workspace/apps/Person/view/loginPersonAction.phtml:0
[31-Jan-2017 23:26:37 UTC] PHP Fatal error:  Class 'Utils' not found in /home/ubuntu/workspace/apps/Person/view/registerPersonAction.phtml on line 24
[31-Jan-2017 23:26:37 UTC] PHP Stack trace:
[31-Jan-2017 23:26:37 UTC] PHP   1. {main}() /home/ubuntu/workspace/apps/Person/view/registerPersonAction.phtml:0
[31-Jan-2017 23:26:41 UTC] PHP Fatal error:  Class 'Utils' not found in /home/ubuntu/workspace/apps/Person/view/registerPersonAction.phtml on line 24
[31-Jan-2017 23:26:41 UTC] PHP Stack trace:
[31-Jan-2017 23:26:41 UTC] PHP   1. {main}() /home/ubuntu/workspace/apps/Person/view/registerPersonAction.phtml:0
[31-Jan-2017 23:27:36 UTC] PHP Fatal error:  Class 'Utils' not found in /home/ubuntu/workspace/apps/Person/view/loginPersonAction.phtml on line 25
[31-Jan-2017 23:27:36 UTC] PHP Stack trace:
[31-Jan-2017 23:27:36 UTC] PHP   1. {main}() /home/ubuntu/workspace/apps/Person/view/loginPersonAction.phtml:0
[31-Jan-2017 23:32:24 UTC] PHP Fatal error:  Class 'Utils' not found in /home/ubuntu/workspace/apps/Person/view/loginPersonAction.phtml on line 25
[31-Jan-2017 23:32:24 UTC] PHP Stack trace:
[31-Jan-2017 23:32:24 UTC] PHP   1. {main}() /home/ubuntu/workspace/apps/Person/view/loginPersonAction.phtml:0
[31-Jan-2017 23:32:32 UTC] PHP Fatal error:  Class 'Utils' not found in /home/ubuntu/workspace/apps/Person/view/loginPersonAction.phtml on line 25
[31-Jan-2017 23:32:32 UTC] PHP Stack trace:
[31-Jan-2017 23:32:32 UTC] PHP   1. {main}() /home/ubuntu/workspace/apps/Person/view/loginPersonAction.phtml:0
[31-Jan-2017 23:33:02 UTC] PHP Fatal error:  Class 'Utils' not found in /home/ubuntu/workspace/apps/Person/view/loginPersonAction.phtml on line 25
[31-Jan-2017 23:33:02 UTC] PHP Stack trace:
[31-Jan-2017 23:33:02 UTC] PHP   1. {main}() /home/ubuntu/workspace/apps/Person/view/loginPersonAction.phtml:0
[31-Jan-2017 23:36:09 UTC] PHP Fatal error:  Class 'Utils' not found in /home/ubuntu/workspace/apps/Person/view/loginPersonAction.phtml on line 25
[31-Jan-2017 23:36:09 UTC] PHP Stack trace:
[31-Jan-2017 23:36:09 UTC] PHP   1. {main}() /home/ubuntu/workspace/apps/Person/view/loginPersonAction.phtml:0
[31-Jan-2017 23:36:16 UTC] PHP Fatal error:  Class 'Utils' not found in /home/ubuntu/workspace/apps/Person/view/loginPersonAction.phtml on line 25
[31-Jan-2017 23:36:16 UTC] PHP Stack trace:
[31-Jan-2017 23:36:16 UTC] PHP   1. {main}() /home/ubuntu/workspace/apps/Person/view/loginPersonAction.phtml:0
[01-Feb-2017 04:06:27 UTC] PHP Fatal error:  Class 'PersonSecurityQuestionMapper' not found in /home/ubuntu/workspace/apps/Person/model/getPersonSecurityQuestions.php on line 6
[01-Feb-2017 04:06:27 UTC] PHP Stack trace:
[01-Feb-2017 04:06:27 UTC] PHP   1. {main}() /home/ubuntu/workspace/apps/Person/model/getPersonSecurityQuestions.php:0
[01-Feb-2017 04:06:46 UTC] PHP Fatal error:  Call to a member function getID() on a non-object in /home/ubuntu/workspace/apps/Person/model/getPersonSecurityQuestions.php on line 9
[01-Feb-2017 04:06:46 UTC] PHP Stack trace:
[01-Feb-2017 04:06:46 UTC] PHP   1. {main}() /home/ubuntu/workspace/apps/Person/model/getPersonSecurityQuestions.php:0
[13-Feb-2017 18:41:30 UTC] PHP Parse error:  syntax error, unexpected '->' (T_OBJECT_OPERATOR), expecting ',' or ';' in /home/ubuntu/workspace/apps/Person/view/patientProfileAction.phtml on line 25
[13-Feb-2017 18:41:32 UTC] PHP Parse error:  syntax error, unexpected '->' (T_OBJECT_OPERATOR), expecting ',' or ';' in /home/ubuntu/workspace/apps/Person/view/patientProfileAction.phtml on line 25
[13-Feb-2017 18:44:47 UTC] PHP Fatal error:  Using $this when not in object context in /home/ubuntu/workspace/apps/Person/view/patientProfileAction.phtml on line 25
[13-Feb-2017 18:44:47 UTC] PHP Stack trace:
[13-Feb-2017 18:44:47 UTC] PHP   1. {main}() /home/ubuntu/workspace/apps/Person/view/patientProfileAction.phtml:0
[13-Feb-2017 18:49:16 UTC] PHP Fatal error:  Using $this when not in object context in /home/ubuntu/workspace/apps/Person/view/patientProfileAction.phtml on line 25
[13-Feb-2017 18:49:16 UTC] PHP Stack trace:
[13-Feb-2017 18:49:16 UTC] PHP   1. {main}() /home/ubuntu/workspace/apps/Person/view/patientProfileAction.phtml:0
[13-Feb-2017 18:56:02 UTC] PHP Fatal error:  Class 'Utils' not found in /home/ubuntu/workspace/apps/Person/view/loginPersonAction.phtml on line 27
[13-Feb-2017 18:56:02 UTC] PHP Stack trace:
[13-Feb-2017 18:56:02 UTC] PHP   1. {main}() /home/ubuntu/workspace/apps/Person/view/loginPersonAction.phtml:0
[13-Feb-2017 18:56:07 UTC] PHP Fatal error:  Class 'Utils' not found in /home/ubuntu/workspace/apps/Person/view/loginPersonAction.phtml on line 27
[13-Feb-2017 18:56:07 UTC] PHP Stack trace:
[13-Feb-2017 18:56:07 UTC] PHP   1. {main}() /home/ubuntu/workspace/apps/Person/view/loginPersonAction.phtml:0
[13-Feb-2017 18:56:23 UTC] PHP Fatal error:  Class 'Utils' not found in /home/ubuntu/workspace/apps/Person/view/loginPersonAction.phtml on line 27
[13-Feb-2017 18:56:23 UTC] PHP Stack trace:
[13-Feb-2017 18:56:23 UTC] PHP   1. {main}() /home/ubuntu/workspace/apps/Person/view/loginPersonAction.phtml:0
[14-Feb-2017 15:46:51 UTC] PHP Fatal error:  Using $this when not in object context in /home/ubuntu/workspace/apps/Person/view/patientProfileAction.phtml on line 25
[14-Feb-2017 15:46:51 UTC] PHP Stack trace:
[14-Feb-2017 15:46:51 UTC] PHP   1. {main}() /home/ubuntu/workspace/apps/Person/view/patientProfileAction.phtml:0
[20-Mar-2017 17:30:49 UTC] PHP Fatal error:  Using $this when not in object context in /home/ubuntu/workspace/apps/Person/view/doctorProfileAction.phtml on line 23
[20-Mar-2017 17:30:49 UTC] PHP Stack trace:
[20-Mar-2017 17:30:49 UTC] PHP   1. {main}() /home/ubuntu/workspace/apps/Person/view/doctorProfileAction.phtml:0
[20-Mar-2017 17:30:54 UTC] PHP Fatal error:  Using $this when not in object context in /home/ubuntu/workspace/apps/Person/view/doctorProfileAction.phtml on line 23
[20-Mar-2017 17:30:54 UTC] PHP Stack trace:
[20-Mar-2017 17:30:54 UTC] PHP   1. {main}() /home/ubuntu/workspace/apps/Person/view/doctorProfileAction.phtml:0
